<?xml version="1.0" encoding="UTF-8"?>
<!-- Generated by org.testng.reporters.JUnitXMLReporter -->
<testsuite ignored="0" hostname="Thuys-MacBook-Pro.local" failures="0" tests="3" name="Default test" time="124.973" errors="0" timestamp="2023-12-02T23:00:11 ICT">
  <testcase classname="automation.testsuite.LoginTest_Fact_btvnd14" name="Register_SuccessFully" time="17.826"/>
  <testcase classname="automation.testsuite.LoginTest_Fact_btvnd14" name="Login_Successfully" time="26.173"/>
  <testcase classname="automation.testsuite.LoginTest_Fact_btvnd14" name="Login_Successfully_NewPass" time="18.805"/>
</testsuite> <!-- Default test -->
