<?xml version="1.0" encoding="UTF-8"?>
<!-- Generated by org.testng.reporters.JUnitXMLReporter -->
<testsuite ignored="0" hostname="Thuys-MacBook-Pro.local" failures="0" tests="5" name="Default test" time="154.349" errors="0" timestamp="2023-11-27T22:14:00 ICT">
  <testcase classname="automation.testsuite.LoginTest_btvnd13" name="LoginSuccessFully" time="14.492"/>
  <testcase classname="automation.testsuite.LoginTest_btvnd13" name="LoginFail_IncorrectEmail" time="7.953"/>
  <testcase classname="automation.testsuite.LoginTest_btvnd13" name="LoginFail_IncorrectPass" time="8.453"/>
  <testcase classname="automation.testsuite.LoginTest_btvnd13" name="LoginFail_IncorrectEmailPass" time="9.014"/>
  <testcase classname="automation.testsuite.LoginTest_btvnd13" name="LogOutSuccessfully" time="19.952"/>
</testsuite> <!-- Default test -->
