<?xml version="1.0" encoding="UTF-8"?>
<testng-results ignored="0" total="1" passed="1" failed="0" skipped="0">
  <reporter-output>
  </reporter-output>
  <suite started-at="2023-12-05T15:45:38 ICT" name="Default suite" finished-at="2023-12-05T15:47:23 ICT" duration-ms="104162">
    <groups>
    </groups>
    <test started-at="2023-12-05T15:45:38 ICT" name="Default test" finished-at="2023-12-05T15:47:23 ICT" duration-ms="104162">
      <class name="automation.testsuite.ClientTest">
        <test-method is-config="true" signature="openChrome()[pri:0, instance:automation.testsuite.ClientTest@d9345cd]" started-at="2023-12-05T15:45:38 ICT" name="openChrome" finished-at="2023-12-05T15:45:56 ICT" duration-ms="17369" status="PASS">
          <reporter-output>
          </reporter-output>
        </test-method> <!-- openChrome -->
        <test-method signature="AddClientSuccessfully()[pri:0, instance:automation.testsuite.ClientTest@d9345cd]" started-at="2023-12-05T15:45:56 ICT" name="AddClientSuccessfully" finished-at="2023-12-05T15:47:22 ICT" duration-ms="86148" status="PASS">
          <reporter-output>
          </reporter-output>
        </test-method> <!-- AddClientSuccessfully -->
        <test-method is-config="true" signature="closeChrome()[pri:0, instance:automation.testsuite.ClientTest@d9345cd]" started-at="2023-12-05T15:47:22 ICT" name="closeChrome" finished-at="2023-12-05T15:47:23 ICT" duration-ms="592" status="PASS">
          <reporter-output>
          </reporter-output>
        </test-method> <!-- closeChrome -->
      </class> <!-- automation.testsuite.ClientTest -->
    </test> <!-- Default test -->
  </suite> <!-- Default suite -->
</testng-results>
