<?xml version="1.0" encoding="UTF-8"?>
<!-- Generated by org.testng.reporters.JUnitXMLReporter -->
<testsuite ignored="0" hostname="Thuys-MacBook-Pro.local" failures="0" tests="2" name="AutomationTestProject run on firefox" time="65.827" errors="0" timestamp="2023-12-18T20:22:03 ICT">
  <testcase classname="automation.testsuite.day18_btvn1" name="testZalo" time="1.476"/>
  <testcase classname="automation.testsuite.day18_btvn2" name="testChat" time="18.568"/>
</testsuite> <!-- AutomationTestProject run on firefox -->
